#
# There is insufficient memory for the Java Runtime Environment to continue.
# Native memory allocation (malloc) failed to allocate 1048576 bytes. Error detail: AllocateHeap
# Possible reasons:
#   The system is out of physical RAM or swap space
#   This process is running with CompressedOops enabled, and the Java Heap may be blocking the growth of the native heap
# Possible solutions:
#   Reduce memory load on the system
#   Increase physical memory or swap space
#   Check if swap backing store is full
#   Decrease Java heap size (-Xmx/-Xms)
#   Decrease number of Java threads
#   Decrease Java thread stack sizes (-Xss)
#   Set larger code cache with -XX:ReservedCodeCacheSize=
#   JVM is running with Unscaled Compressed Oops mode in which the Java heap is
#     placed in the first 4GB address space. The Java Heap base address is the
#     maximum limit for the native heap growth. Please use -XX:HeapBaseMinAddress
#     to set the Java Heap base and to place the Java Heap above 4GB virtual address.
# This output file may be truncated or incomplete.
#
#  Out of Memory Error (allocation.cpp:44), pid=23408, tid=23056
#
# JRE version: OpenJDK Runtime Environment Temurin-21.0.9+10 (21.0.9+10) (build 21.0.9+10-LTS)
# Java VM: OpenJDK 64-Bit Server VM Temurin-21.0.9+10 (21.0.9+10-LTS, mixed mode, sharing, tiered, compressed oops, compressed class ptrs, parallel gc, windows-amd64)
# No core dump will be written. Minidumps are not enabled by default on client versions of Windows
#

---------------  S U M M A R Y ------------

Command Line: --add-modules=ALL-SYSTEM --add-opens=java.base/java.util=ALL-UNNAMED --add-opens=java.base/java.lang=ALL-UNNAMED --add-opens=java.base/sun.nio.fs=ALL-UNNAMED -Declipse.application=org.eclipse.jdt.ls.core.id1 -Dosgi.bundles.defaultStartLevel=4 -Declipse.product=org.eclipse.jdt.ls.core.product -Djava.import.generatesMetadataFilesAtProjectRoot=false -DDetectVMInstallationsJob.disabled=true -Dfile.encoding=utf8 -XX:+UseParallelGC -XX:GCTimeRatio=4 -XX:AdaptiveSizePolicyWeight=90 -Dsun.zip.disableMemoryMapping=true -Xmx2G -Xms100m -Xlog:disable -javaagent:c:\Users\user\.vscode\extensions\redhat.java-1.50.0-win32-x64\lombok\lombok-1.18.39-4050.jar -XX:+HeapDumpOnOutOfMemoryError -XX:HeapDumpPath=c:\Users\user\AppData\Roaming\Code\User\workspaceStorage\95a4d7a6ba4fa21f5e242c4cd33f15b2\redhat.java -Daether.dependencyCollector.impl=bf c:\Users\user\.vscode\extensions\redhat.java-1.50.0-win32-x64\server\plugins\org.eclipse.equinox.launcher_1.7.100.v20251111-0406.jar -configuration c:\Users\user\AppData\Roaming\Code\User\globalStorage\redhat.java\1.50.0\config_win -data c:\Users\user\AppData\Roaming\Code\User\workspaceStorage\95a4d7a6ba4fa21f5e242c4cd33f15b2\redhat.java\jdt_ws --pipe=\\.\pipe\lsp-b2662554814eec0df28ed9afdf02be59-sock

Host: 12th Gen Intel(R) Core(TM) i3-1215U, 8 cores, 7G,  Windows 11 , 64 bit Build 26100 (10.0.26100.7309)
Time: Mon Dec 22 22:37:21 2025 UTC+12 elapsed time: 481.895668 seconds (0d 0h 8m 1s)

---------------  T H R E A D  ---------------

Current thread (0x000001f28f3613f0):  JavaThread "Attach Listener" daemon [_thread_in_vm, id=23056, stack(0x000000b958600000,0x000000b958700000) (1024K)]

Stack: [0x000000b958600000,0x000000b958700000]
Native frames: (J=compiled Java code, j=interpreted, Vv=VM code, C=native code)
V  [jvm.dll+0x6d6e29]
V  [jvm.dll+0x8b4b76]
V  [jvm.dll+0x8b712e]
V  [jvm.dll+0x8b7813]
V  [jvm.dll+0x283d86]
V  [jvm.dll+0xc1277]
V  [jvm.dll+0x6d76d9]
V  [jvm.dll+0x133466]
V  [jvm.dll+0x3f7ea6]
V  [jvm.dll+0x85e9ad]
V  [jvm.dll+0x6d565d]
C  [ucrtbase.dll+0x37b0]
C  [KERNEL32.DLL+0x2e8d7]
C  [ntdll.dll+0x8c53c]


---------------  P R O C E S S  ---------------

Threads class SMR info:
_java_thread_list=0x000001f2ef44fed0, length=35, elements={
0x000001f28f3ed590, 0x000001f28f35b330, 0x000001f28f35eb40, 0x000001f28f35f790,
0x000001f28f3613f0, 0x000001f28f363f50, 0x000001f28f3649a0, 0x000001f28f3657d0,
0x000001f2e869a450, 0x000001f2e881f5f0, 0x000001f2e8971b00, 0x000001f2ed2a7ae0,
0x000001f2ed65e2f0, 0x000001f2ed7c3810, 0x000001f2ed7c4240, 0x000001f2ed9b4e00,
0x000001f2e87cfee0, 0x000001f2ed9efe60, 0x000001f2edb22be0, 0x000001f2ee743050,
0x000001f2ee741ca0, 0x000001f2ee740f80, 0x000001f2ee744400, 0x000001f2ee741610,
0x000001f2ef83c0d0, 0x000001f2ef83d480, 0x000001f2ef83b3b0, 0x000001f2ef83db10,
0x000001f2ef83e1a0, 0x000001f2ef83e830, 0x000001f2ef83eec0, 0x000001f2ef83ba40,
0x000001f2ef83f550, 0x000001f2ef83cdf0, 0x000001f2ef840270
}

Java Threads: ( => current thread )
  0x000001f28f3ed590 JavaThread "main"                              [_thread_blocked, id=22660, stack(0x000000b957f00000,0x000000b958000000) (1024K)]
  0x000001f28f35b330 JavaThread "Reference Handler"          daemon [_thread_blocked, id=6184, stack(0x000000b958300000,0x000000b958400000) (1024K)]
  0x000001f28f35eb40 JavaThread "Finalizer"                  daemon [_thread_blocked, id=20664, stack(0x000000b958400000,0x000000b958500000) (1024K)]
  0x000001f28f35f790 JavaThread "Signal Dispatcher"          daemon [_thread_blocked, id=17540, stack(0x000000b958500000,0x000000b958600000) (1024K)]
=>0x000001f28f3613f0 JavaThread "Attach Listener"            daemon [_thread_in_vm, id=23056, stack(0x000000b958600000,0x000000b958700000) (1024K)]
  0x000001f28f363f50 JavaThread "Service Thread"             daemon [_thread_blocked, id=10472, stack(0x000000b958700000,0x000000b958800000) (1024K)]
  0x000001f28f3649a0 JavaThread "Monitor Deflation Thread"   daemon [_thread_blocked, id=23060, stack(0x000000b958800000,0x000000b958900000) (1024K)]
  0x000001f28f3657d0 JavaThread "C2 CompilerThread0"         daemon [_thread_blocked, id=23052, stack(0x000000b958900000,0x000000b958a00000) (1024K)]
  0x000001f2e869a450 JavaThread "C1 CompilerThread0"         daemon [_thread_blocked, id=18768, stack(0x000000b958a00000,0x000000b958b00000) (1024K)]
  0x000001f2e881f5f0 JavaThread "Common-Cleaner"             daemon [_thread_blocked, id=21236, stack(0x000000b958b00000,0x000000b958c00000) (1024K)]
  0x000001f2e8971b00 JavaThread "Notification Thread"        daemon [_thread_blocked, id=7904, stack(0x000000b958c00000,0x000000b958d00000) (1024K)]
  0x000001f2ed2a7ae0 JavaThread "Active Thread: Equinox Container: abeb7971-f73e-4f50-b63e-6c155ee3a1e3"        [_thread_blocked, id=11604, stack(0x000000b959300000,0x000000b959400000) (1024K)]
  0x000001f2ed65e2f0 JavaThread "Refresh Thread: Equinox Container: abeb7971-f73e-4f50-b63e-6c155ee3a1e3" daemon [_thread_blocked, id=23372, stack(0x000000b959400000,0x000000b959500000) (1024K)]
  0x000001f2ed7c3810 JavaThread "Framework Event Dispatcher: Equinox Container: abeb7971-f73e-4f50-b63e-6c155ee3a1e3" daemon [_thread_blocked, id=23428, stack(0x000000b959600000,0x000000b959700000) (1024K)]
  0x000001f2ed7c4240 JavaThread "Start Level: Equinox Container: abeb7971-f73e-4f50-b63e-6c155ee3a1e3" daemon [_thread_blocked, id=23404, stack(0x000000b959700000,0x000000b959800000) (1024K)]
  0x000001f2ed9b4e00 JavaThread "Bundle File Closer"         daemon [_thread_blocked, id=22744, stack(0x000000b959800000,0x000000b959900000) (1024K)]
  0x000001f2e87cfee0 JavaThread "SCR Component Actor"        daemon [_thread_blocked, id=19764, stack(0x000000b959900000,0x000000b959a00000) (1024K)]
  0x000001f2ed9efe60 JavaThread "Worker-JM"                         [_thread_blocked, id=11524, stack(0x000000b959a00000,0x000000b959b00000) (1024K)]
  0x000001f2edb22be0 JavaThread "JNA Cleaner"                daemon [_thread_blocked, id=19224, stack(0x000000b959b00000,0x000000b959c00000) (1024K)]
  0x000001f2ee743050 JavaThread "Worker-0"                          [_thread_blocked, id=4092, stack(0x000000b959c00000,0x000000b959d00000) (1024K)]
  0x000001f2ee741ca0 JavaThread "Java indexing"              daemon [_thread_blocked, id=23352, stack(0x000000b95a100000,0x000000b95a200000) (1024K)]
  0x000001f2ee740f80 JavaThread "Worker-4"                          [_thread_blocked, id=10736, stack(0x000000b95a300000,0x000000b95a400000) (1024K)]
  0x000001f2ee744400 JavaThread "Thread-1"                   daemon [_thread_in_native, id=21564, stack(0x000000b95a500000,0x000000b95a600000) (1024K)]
  0x000001f2ee741610 JavaThread "Thread-2"                   daemon [_thread_in_native, id=9344, stack(0x000000b95a600000,0x000000b95a700000) (1024K)]
  0x000001f2ef83c0d0 JavaThread "Thread-3"                   daemon [_thread_in_native, id=19984, stack(0x000000b95a700000,0x000000b95a800000) (1024K)]
  0x000001f2ef83d480 JavaThread "Thread-4"                   daemon [_thread_in_native, id=5404, stack(0x000000b95a800000,0x000000b95a900000) (1024K)]
  0x000001f2ef83b3b0 JavaThread "Thread-5"                   daemon [_thread_in_native, id=14152, stack(0x000000b95a900000,0x000000b95aa00000) (1024K)]
  0x000001f2ef83db10 JavaThread "Thread-6"                   daemon [_thread_in_native, id=15248, stack(0x000000b95aa00000,0x000000b95ab00000) (1024K)]
  0x000001f2ef83e1a0 JavaThread "Thread-7"                   daemon [_thread_in_native, id=13524, stack(0x000000b95ab00000,0x000000b95ac00000) (1024K)]
  0x000001f2ef83e830 JavaThread "Thread-8"                   daemon [_thread_in_native, id=19120, stack(0x000000b95ac00000,0x000000b95ad00000) (1024K)]
  0x000001f2ef83eec0 JavaThread "Thread-9"                   daemon [_thread_in_native, id=20608, stack(0x000000b95ad00000,0x000000b95ae00000) (1024K)]
  0x000001f2ef83ba40 JavaThread "pool-2-thread-1"                   [_thread_blocked, id=21592, stack(0x000000b95ae00000,0x000000b95af00000) (1024K)]
  0x000001f2ef83f550 JavaThread "WorkspaceEventsHandler"            [_thread_blocked, id=12236, stack(0x000000b95af00000,0x000000b95b000000) (1024K)]
  0x000001f2ef83cdf0 JavaThread "pool-1-thread-1"                   [_thread_blocked, id=15444, stack(0x000000b95b000000,0x000000b95b100000) (1024K)]
  0x000001f2ef840270 JavaThread "Timer-0"                           [_thread_blocked, id=20700, stack(0x000000b95b300000,0x000000b95b400000) (1024K)]
Total: 35

Other Threads:
  0x000001f28f3425f0 VMThread "VM Thread"                           [id=14072, stack(0x000000b958200000,0x000000b958300000) (1024K)]
  0x000001f28f27ca00 WatcherThread "VM Periodic Task Thread"        [id=22672, stack(0x000000b958100000,0x000000b958200000) (1024K)]
  0x000001f28f40c580 WorkerThread "GC Thread#0"                     [id=21080, stack(0x000000b958000000,0x000000b958100000) (1024K)]
  0x000001f2ed07b230 WorkerThread "GC Thread#1"                     [id=6256, stack(0x000000b958d00000,0x000000b958e00000) (1024K)]
  0x000001f2e8a30ad0 WorkerThread "GC Thread#2"                     [id=1392, stack(0x000000b958e00000,0x000000b958f00000) (1024K)]
  0x000001f2e8a47d50 WorkerThread "GC Thread#3"                     [id=20548, stack(0x000000b958f00000,0x000000b959000000) (1024K)]
  0x000001f2e8a480f0 WorkerThread "GC Thread#4"                     [id=8708, stack(0x000000b959000000,0x000000b959100000) (1024K)]
  0x000001f2e8a48490 WorkerThread "GC Thread#5"                     [id=15892, stack(0x000000b959100000,0x000000b959200000) (1024K)]
  0x000001f2e8a48830 WorkerThread "GC Thread#6"                     [id=22012, stack(0x000000b959200000,0x000000b959300000) (1024K)]
  0x000001f2ed7bbf10 WorkerThread "GC Thread#7"                     [id=23424, stack(0x000000b959500000,0x000000b959600000) (1024K)]
Total: 10

Threads with active compile tasks:
Total: 0

VM state: not at safepoint (normal execution)

VM Mutex/Monitor currently owned by a thread: None

Heap address: 0x0000000080000000, size: 2048 MB, Compressed Oops mode: 32-bit

CDS archive(s) mapped at: [0x000001f2a6000000-0x000001f2a6ba0000-0x000001f2a6ba0000), size 12189696, SharedBaseAddress: 0x000001f2a6000000, ArchiveRelocationMode: 1.
Compressed class space mapped at: 0x000001f2a7000000-0x000001f2e7000000, reserved size: 1073741824
Narrow klass base: 0x000001f2a6000000, Narrow klass shift: 0, Narrow klass range: 0x100000000

GC Precious Log:
 CardTable entry size: 512
 CPUs: 8 total, 8 available
 Memory: 7916M
 Large Page Support: Disabled
 NUMA Support: Disabled
 Compressed Oops: Enabled (32-bit)
 Alignments: Space 512K, Generation 512K, Heap 2M
 Heap Min Capacity: 100M
 Heap Initial Capacity: 100M
 Heap Max Capacity: 2G
 Pre-touch: Disabled
 Parallel Workers: 8

Heap:
 PSYoungGen      total 13824K, used 3943K [0x00000000d5580000, 0x00000000d6780000, 0x0000000100000000)
  eden space 13312K, 26% used [0x00000000d5580000,0x00000000d58e1be0,0x00000000d6280000)
  from space 512K, 93% used [0x00000000d6500000,0x00000000d6578020,0x00000000d6580000)
  to   space 2560K, 0% used [0x00000000d6280000,0x00000000d6280000,0x00000000d6500000)
 ParOldGen       total 68608K, used 59019K [0x0000000080000000, 0x0000000084300000, 0x00000000d5580000)
  object space 68608K, 86% used [0x0000000080000000,0x00000000839a2e50,0x0000000084300000)
 Metaspace       used 57968K, committed 59392K, reserved 1114112K
  class space    used 6797K, committed 7360K, reserved 1048576K

Card table byte_map: [0x000001f28ed90000,0x000001f28f1a0000] _byte_map_base: 0x000001f28e990000

Marking Bits: (ParMarkBitMap*) 0x00007ffb9cbd2460
 Begin Bits: [0x000001f2a18a0000, 0x000001f2a38a0000)
 End Bits:   [0x000001f2a38a0000, 0x000001f2a58a0000)

Polling page: 0x000001f28d210000

Metaspace:

Usage:
  Non-class:     49.97 MB used.
      Class:      6.64 MB used.
       Both:     56.61 MB used.

Virtual space:
  Non-class space:       64.00 MB reserved,      50.81 MB ( 79%) committed,  1 nodes.
      Class space:        1.00 GB reserved,       7.19 MB ( <1%) committed,  1 nodes.
             Both:        1.06 GB reserved,      58.00 MB (  5%) committed. 

Chunk freelists:
   Non-Class:  12.61 MB
       Class:  8.84 MB
        Both:  21.45 MB

MaxMetaspaceSize: unlimited
CompressedClassSpaceSize: 1.00 GB
Initial GC threshold: 21.00 MB
Current GC threshold: 59.31 MB
CDS: on
 - commit_granule_bytes: 65536.
 - commit_granule_words: 8192.
 - virtual_space_node_default_size: 8388608.
 - enlarge_chunks_in_place: 1.
 - use_allocation_guard: 0.


Internal statistics:

num_allocs_failed_limit: 10.
num_arena_births: 1038.
num_arena_deaths: 20.
num_vsnodes_births: 2.
num_vsnodes_deaths: 0.
num_space_committed: 928.
num_space_uncommitted: 0.
num_chunks_returned_to_freelist: 30.
num_chunks_taken_from_freelist: 3704.
num_chunk_merges: 16.
num_chunk_splits: 2283.
num_chunks_enlarged: 1334.
num_inconsistent_stats: 0.

CodeHeap 'non-profiled nmethods': size=120000Kb used=4914Kb max_used=4914Kb free=115085Kb
 bounds [0x000001f29a0c0000, 0x000001f29a590000, 0x000001f2a15f0000]
CodeHeap 'profiled nmethods': size=120000Kb used=15380Kb max_used=15380Kb free=104619Kb
 bounds [0x000001f2925f0000, 0x000001f293500000, 0x000001f299b20000]
CodeHeap 'non-nmethods': size=5760Kb used=1387Kb max_used=1475Kb free=4372Kb
 bounds [0x000001f299b20000, 0x000001f299d90000, 0x000001f29a0c0000]
CodeCache: size=245760Kb, used=21681Kb, max_used=21769Kb, free=224076Kb
 total_blobs=8020, nmethods=7330, adapters=596, full_count=0
Compilation: enabled, stopped_count=0, restarted_count=0

Compilation events (20 events):
Event: 179.063 Thread 0x000001f2e869a450 7878       3       java.util.TaskQueue::rescheduleMin (16 bytes)
Event: 179.071 Thread 0x000001f2e869a450 nmethod 7878 0x000001f2934efc10 code [0x000001f2934efdc0, 0x000001f2934eff38]
Event: 179.071 Thread 0x000001f2e869a450 7879       3       java.util.TaskQueue::fixDown (108 bytes)
Event: 179.071 Thread 0x000001f2e869a450 nmethod 7879 0x000001f2934f0090 code [0x000001f2934f0280, 0x000001f2934f0860]
Event: 179.072 Thread 0x000001f2e869a450 7880       3       org.eclipse.buildship.core.internal.util.progress.RateLimitingProgressMonitor$1::run (55 bytes)
Event: 179.138 Thread 0x000001f2e869a450 nmethod 7880 0x000001f2934f0b10 code [0x000001f2934f0ee0, 0x000001f2934f2aa0]
Event: 184.835 Thread 0x000001f2e869a450 7881       1       java.util.concurrent.ThreadPoolExecutor::getQueue (5 bytes)
Event: 184.839 Thread 0x000001f2e869a450 nmethod 7881 0x000001f29a58c410 code [0x000001f29a58c5a0, 0x000001f29a58c668]
Event: 260.708 Thread 0x000001f2e869a450 7882       3       org.eclipse.core.internal.jobs.JobManager::lifeTimeInMs (19 bytes)
Event: 260.719 Thread 0x000001f2e869a450 nmethod 7882 0x000001f2934f3290 code [0x000001f2934f3440, 0x000001f2934f3668]
Event: 260.719 Thread 0x000001f2e869a450 7883       3       org.eclipse.core.internal.jobs.JobManager::now (16 bytes)
Event: 260.749 Thread 0x000001f2e869a450 nmethod 7883 0x000001f2934f3790 code [0x000001f2934f39a0, 0x000001f2934f3f50]
Event: 260.749 Thread 0x000001f2e869a450 7884       3       org.eclipse.core.internal.jobs.JobManager$$Lambda/0x000001f2a7202260::<init> (10 bytes)
Event: 260.750 Thread 0x000001f2e869a450 nmethod 7884 0x000001f2934f4210 code [0x000001f2934f43c0, 0x000001f2934f4548]
Event: 328.915 Thread 0x000001f2e869a450 7885       3       java.util.concurrent.locks.AbstractQueuedSynchronizer$ConditionObject::canReacquire (38 bytes)
Event: 328.925 Thread 0x000001f2e869a450 nmethod 7885 0x000001f2934f4610 code [0x000001f2934f47e0, 0x000001f2934f4b28]
Event: 364.906 Thread 0x000001f2e869a450 7886       3       java.util.concurrent.Executors$RunnableAdapter::call (14 bytes)
Event: 364.909 Thread 0x000001f2e869a450 nmethod 7886 0x000001f2934f4c90 code [0x000001f2934f4e40, 0x000001f2934f5028]
Event: 371.066 Thread 0x000001f28f3657d0 7887       4       java.util.TaskQueue::getMin (7 bytes)
Event: 371.071 Thread 0x000001f28f3657d0 nmethod 7887 0x000001f29a58c710 code [0x000001f29a58c8a0, 0x000001f29a58c968]

GC Heap History (20 events):
Event: 76.308 GC heap before
{Heap before GC invocations=35 (full 2):
 PSYoungGen      total 14848K, used 14624K [0x00000000d5580000, 0x00000000d6980000, 0x0000000100000000)
  eden space 13312K, 100% used [0x00000000d5580000,0x00000000d6280000,0x00000000d6280000)
  from space 1536K, 85% used [0x00000000d6800000,0x00000000d6948030,0x00000000d6980000)
  to   space 1536K, 0% used [0x00000000d6680000,0x00000000d6680000,0x00000000d6800000)
 ParOldGen       total 68608K, used 45891K [0x0000000080000000, 0x0000000084300000, 0x00000000d5580000)
  object space 68608K, 66% used [0x0000000080000000,0x0000000082cd0f58,0x0000000084300000)
 Metaspace       used 56625K, committed 58048K, reserved 1114112K
  class space    used 6657K, committed 7232K, reserved 1048576K
}
Event: 76.325 GC heap after
{Heap after GC invocations=35 (full 2):
 PSYoungGen      total 14848K, used 1312K [0x00000000d5580000, 0x00000000d6880000, 0x0000000100000000)
  eden space 13312K, 0% used [0x00000000d5580000,0x00000000d5580000,0x00000000d6280000)
  from space 1536K, 85% used [0x00000000d6680000,0x00000000d67c8010,0x00000000d6800000)
  to   space 512K, 0% used [0x00000000d6800000,0x00000000d6800000,0x00000000d6880000)
 ParOldGen       total 68608K, used 47059K [0x0000000080000000, 0x0000000084300000, 0x00000000d5580000)
  object space 68608K, 68% used [0x0000000080000000,0x0000000082df4f98,0x0000000084300000)
 Metaspace       used 56625K, committed 58048K, reserved 1114112K
  class space    used 6657K, committed 7232K, reserved 1048576K
}
Event: 77.432 GC heap before
{Heap before GC invocations=36 (full 2):
 PSYoungGen      total 14848K, used 14624K [0x00000000d5580000, 0x00000000d6880000, 0x0000000100000000)
  eden space 13312K, 100% used [0x00000000d5580000,0x00000000d6280000,0x00000000d6280000)
  from space 1536K, 85% used [0x00000000d6680000,0x00000000d67c8010,0x00000000d6800000)
  to   space 512K, 0% used [0x00000000d6800000,0x00000000d6800000,0x00000000d6880000)
 ParOldGen       total 68608K, used 47059K [0x0000000080000000, 0x0000000084300000, 0x00000000d5580000)
  object space 68608K, 68% used [0x0000000080000000,0x0000000082df4f98,0x0000000084300000)
 Metaspace       used 57014K, committed 58432K, reserved 1114112K
  class space    used 6714K, committed 7296K, reserved 1048576K
}
Event: 77.446 GC heap after
{Heap after GC invocations=36 (full 2):
 PSYoungGen      total 13824K, used 482K [0x00000000d5580000, 0x00000000d6880000, 0x0000000100000000)
  eden space 13312K, 0% used [0x00000000d5580000,0x00000000d5580000,0x00000000d6280000)
  from space 512K, 94% used [0x00000000d6800000,0x00000000d6878800,0x00000000d6880000)
  to   space 3072K, 0% used [0x00000000d6280000,0x00000000d6280000,0x00000000d6580000)
 ParOldGen       total 68608K, used 49240K [0x0000000080000000, 0x0000000084300000, 0x00000000d5580000)
  object space 68608K, 71% used [0x0000000080000000,0x00000000830160c8,0x0000000084300000)
 Metaspace       used 57014K, committed 58432K, reserved 1114112K
  class space    used 6714K, committed 7296K, reserved 1048576K
}
Event: 77.893 GC heap before
{Heap before GC invocations=37 (full 2):
 PSYoungGen      total 13824K, used 13794K [0x00000000d5580000, 0x00000000d6880000, 0x0000000100000000)
  eden space 13312K, 100% used [0x00000000d5580000,0x00000000d6280000,0x00000000d6280000)
  from space 512K, 94% used [0x00000000d6800000,0x00000000d6878800,0x00000000d6880000)
  to   space 3072K, 0% used [0x00000000d6280000,0x00000000d6280000,0x00000000d6580000)
 ParOldGen       total 68608K, used 49240K [0x0000000080000000, 0x0000000084300000, 0x00000000d5580000)
  object space 68608K, 71% used [0x0000000080000000,0x00000000830160c8,0x0000000084300000)
 Metaspace       used 57021K, committed 58432K, reserved 1114112K
  class space    used 6714K, committed 7296K, reserved 1048576K
}
Event: 77.909 GC heap after
{Heap after GC invocations=37 (full 2):
 PSYoungGen      total 16384K, used 1312K [0x00000000d5580000, 0x00000000d6880000, 0x0000000100000000)
  eden space 13312K, 0% used [0x00000000d5580000,0x00000000d5580000,0x00000000d6280000)
  from space 3072K, 42% used [0x00000000d6280000,0x00000000d63c8010,0x00000000d6580000)
  to   space 2048K, 0% used [0x00000000d6680000,0x00000000d6680000,0x00000000d6880000)
 ParOldGen       total 68608K, used 49762K [0x0000000080000000, 0x0000000084300000, 0x00000000d5580000)
  object space 68608K, 72% used [0x0000000080000000,0x00000000830988c8,0x0000000084300000)
 Metaspace       used 57021K, committed 58432K, reserved 1114112K
  class space    used 6714K, committed 7296K, reserved 1048576K
}
Event: 78.363 GC heap before
{Heap before GC invocations=38 (full 2):
 PSYoungGen      total 16384K, used 14624K [0x00000000d5580000, 0x00000000d6880000, 0x0000000100000000)
  eden space 13312K, 100% used [0x00000000d5580000,0x00000000d6280000,0x00000000d6280000)
  from space 3072K, 42% used [0x00000000d6280000,0x00000000d63c8010,0x00000000d6580000)
  to   space 2048K, 0% used [0x00000000d6680000,0x00000000d6680000,0x00000000d6880000)
 ParOldGen       total 68608K, used 49762K [0x0000000080000000, 0x0000000084300000, 0x00000000d5580000)
  object space 68608K, 72% used [0x0000000080000000,0x00000000830988c8,0x0000000084300000)
 Metaspace       used 57033K, committed 58432K, reserved 1114112K
  class space    used 6714K, committed 7296K, reserved 1048576K
}
Event: 78.380 GC heap after
{Heap after GC invocations=38 (full 2):
 PSYoungGen      total 14848K, used 1472K [0x00000000d5580000, 0x00000000d6800000, 0x0000000100000000)
  eden space 13312K, 0% used [0x00000000d5580000,0x00000000d5580000,0x00000000d6280000)
  from space 1536K, 95% used [0x00000000d6680000,0x00000000d67f0000,0x00000000d6800000)
  to   space 1536K, 0% used [0x00000000d6500000,0x00000000d6500000,0x00000000d6680000)
 ParOldGen       total 68608K, used 51026K [0x0000000080000000, 0x0000000084300000, 0x00000000d5580000)
  object space 68608K, 74% used [0x0000000080000000,0x00000000831d48d8,0x0000000084300000)
 Metaspace       used 57033K, committed 58432K, reserved 1114112K
  class space    used 6714K, committed 7296K, reserved 1048576K
}
Event: 78.697 GC heap before
{Heap before GC invocations=39 (full 2):
 PSYoungGen      total 14848K, used 14784K [0x00000000d5580000, 0x00000000d6800000, 0x0000000100000000)
  eden space 13312K, 100% used [0x00000000d5580000,0x00000000d6280000,0x00000000d6280000)
  from space 1536K, 95% used [0x00000000d6680000,0x00000000d67f0000,0x00000000d6800000)
  to   space 1536K, 0% used [0x00000000d6500000,0x00000000d6500000,0x00000000d6680000)
 ParOldGen       total 68608K, used 51026K [0x0000000080000000, 0x0000000084300000, 0x00000000d5580000)
  object space 68608K, 74% used [0x0000000080000000,0x00000000831d48d8,0x0000000084300000)
 Metaspace       used 57037K, committed 58432K, reserved 1114112K
  class space    used 6714K, committed 7296K, reserved 1048576K
}
Event: 78.712 GC heap after
{Heap after GC invocations=39 (full 2):
 PSYoungGen      total 14848K, used 1152K [0x00000000d5580000, 0x00000000d6700000, 0x0000000100000000)
  eden space 13312K, 0% used [0x00000000d5580000,0x00000000d5580000,0x00000000d6280000)
  from space 1536K, 75% used [0x00000000d6500000,0x00000000d6620000,0x00000000d6680000)
  to   space 512K, 0% used [0x00000000d6680000,0x00000000d6680000,0x00000000d6700000)
 ParOldGen       total 68608K, used 52424K [0x0000000080000000, 0x0000000084300000, 0x00000000d5580000)
  object space 68608K, 76% used [0x0000000080000000,0x0000000083332158,0x0000000084300000)
 Metaspace       used 57037K, committed 58432K, reserved 1114112K
  class space    used 6714K, committed 7296K, reserved 1048576K
}
Event: 79.045 GC heap before
{Heap before GC invocations=40 (full 2):
 PSYoungGen      total 14848K, used 14464K [0x00000000d5580000, 0x00000000d6700000, 0x0000000100000000)
  eden space 13312K, 100% used [0x00000000d5580000,0x00000000d6280000,0x00000000d6280000)
  from space 1536K, 75% used [0x00000000d6500000,0x00000000d6620000,0x00000000d6680000)
  to   space 512K, 0% used [0x00000000d6680000,0x00000000d6680000,0x00000000d6700000)
 ParOldGen       total 68608K, used 52424K [0x0000000080000000, 0x0000000084300000, 0x00000000d5580000)
  object space 68608K, 76% used [0x0000000080000000,0x0000000083332158,0x0000000084300000)
 Metaspace       used 57041K, committed 58432K, reserved 1114112K
  class space    used 6714K, committed 7296K, reserved 1048576K
}
Event: 79.056 GC heap after
{Heap after GC invocations=40 (full 2):
 PSYoungGen      total 13824K, used 512K [0x00000000d5580000, 0x00000000d6780000, 0x0000000100000000)
  eden space 13312K, 0% used [0x00000000d5580000,0x00000000d5580000,0x00000000d6280000)
  from space 512K, 100% used [0x00000000d6680000,0x00000000d6700000,0x00000000d6700000)
  to   space 2560K, 0% used [0x00000000d6280000,0x00000000d6280000,0x00000000d6500000)
 ParOldGen       total 68608K, used 54264K [0x0000000080000000, 0x0000000084300000, 0x00000000d5580000)
  object space 68608K, 79% used [0x0000000080000000,0x00000000834fe258,0x0000000084300000)
 Metaspace       used 57041K, committed 58432K, reserved 1114112K
  class space    used 6714K, committed 7296K, reserved 1048576K
}
Event: 79.224 GC heap before
{Heap before GC invocations=41 (full 2):
 PSYoungGen      total 13824K, used 13824K [0x00000000d5580000, 0x00000000d6780000, 0x0000000100000000)
  eden space 13312K, 100% used [0x00000000d5580000,0x00000000d6280000,0x00000000d6280000)
  from space 512K, 100% used [0x00000000d6680000,0x00000000d6700000,0x00000000d6700000)
  to   space 2560K, 0% used [0x00000000d6280000,0x00000000d6280000,0x00000000d6500000)
 ParOldGen       total 68608K, used 54264K [0x0000000080000000, 0x0000000084300000, 0x00000000d5580000)
  object space 68608K, 79% used [0x0000000080000000,0x00000000834fe258,0x0000000084300000)
 Metaspace       used 57043K, committed 58432K, reserved 1114112K
  class space    used 6714K, committed 7296K, reserved 1048576K
}
Event: 79.237 GC heap after
{Heap after GC invocations=41 (full 2):
 PSYoungGen      total 15872K, used 1504K [0x00000000d5580000, 0x00000000d6700000, 0x0000000100000000)
  eden space 13312K, 0% used [0x00000000d5580000,0x00000000d5580000,0x00000000d6280000)
  from space 2560K, 58% used [0x00000000d6280000,0x00000000d63f8010,0x00000000d6500000)
  to   space 2048K, 0% used [0x00000000d6500000,0x00000000d6500000,0x00000000d6700000)
 ParOldGen       total 68608K, used 54813K [0x0000000080000000, 0x0000000084300000, 0x00000000d5580000)
  object space 68608K, 79% used [0x0000000080000000,0x0000000083587780,0x0000000084300000)
 Metaspace       used 57043K, committed 58432K, reserved 1114112K
  class space    used 6714K, committed 7296K, reserved 1048576K
}
Event: 79.740 GC heap before
{Heap before GC invocations=42 (full 2):
 PSYoungGen      total 15872K, used 14816K [0x00000000d5580000, 0x00000000d6700000, 0x0000000100000000)
  eden space 13312K, 100% used [0x00000000d5580000,0x00000000d6280000,0x00000000d6280000)
  from space 2560K, 58% used [0x00000000d6280000,0x00000000d63f8010,0x00000000d6500000)
  to   space 2048K, 0% used [0x00000000d6500000,0x00000000d6500000,0x00000000d6700000)
 ParOldGen       total 68608K, used 54813K [0x0000000080000000, 0x0000000084300000, 0x00000000d5580000)
  object space 68608K, 79% used [0x0000000080000000,0x0000000083587780,0x0000000084300000)
 Metaspace       used 57089K, committed 58496K, reserved 1114112K
  class space    used 6717K, committed 7296K, reserved 1048576K
}
Event: 79.749 GC heap after
{Heap after GC invocations=42 (full 2):
 PSYoungGen      total 14848K, used 1184K [0x00000000d5580000, 0x00000000d6680000, 0x0000000100000000)
  eden space 13312K, 0% used [0x00000000d5580000,0x00000000d5580000,0x00000000d6280000)
  from space 1536K, 77% used [0x00000000d6500000,0x00000000d6628000,0x00000000d6680000)
  to   space 1536K, 0% used [0x00000000d6380000,0x00000000d6380000,0x00000000d6500000)
 ParOldGen       total 68608K, used 56205K [0x0000000080000000, 0x0000000084300000, 0x00000000d5580000)
  object space 68608K, 81% used [0x0000000080000000,0x00000000836e3790,0x0000000084300000)
 Metaspace       used 57089K, committed 58496K, reserved 1114112K
  class space    used 6717K, committed 7296K, reserved 1048576K
}
Event: 80.043 GC heap before
{Heap before GC invocations=43 (full 2):
 PSYoungGen      total 14848K, used 14496K [0x00000000d5580000, 0x00000000d6680000, 0x0000000100000000)
  eden space 13312K, 100% used [0x00000000d5580000,0x00000000d6280000,0x00000000d6280000)
  from space 1536K, 77% used [0x00000000d6500000,0x00000000d6628000,0x00000000d6680000)
  to   space 1536K, 0% used [0x00000000d6380000,0x00000000d6380000,0x00000000d6500000)
 ParOldGen       total 68608K, used 56205K [0x0000000080000000, 0x0000000084300000, 0x00000000d5580000)
  object space 68608K, 81% used [0x0000000080000000,0x00000000836e3790,0x0000000084300000)
 Metaspace       used 57101K, committed 58496K, reserved 1114112K
  class space    used 6717K, committed 7296K, reserved 1048576K
}
Event: 80.063 GC heap after
{Heap after GC invocations=43 (full 2):
 PSYoungGen      total 14848K, used 1240K [0x00000000d5580000, 0x00000000d6580000, 0x0000000100000000)
  eden space 13312K, 0% used [0x00000000d5580000,0x00000000d5580000,0x00000000d6280000)
  from space 1536K, 80% used [0x00000000d6380000,0x00000000d64b6200,0x00000000d6500000)
  to   space 512K, 0% used [0x00000000d6500000,0x00000000d6500000,0x00000000d6580000)
 ParOldGen       total 68608K, used 57293K [0x0000000080000000, 0x0000000084300000, 0x00000000d5580000)
  object space 68608K, 83% used [0x0000000080000000,0x00000000837f3790,0x0000000084300000)
 Metaspace       used 57101K, committed 58496K, reserved 1114112K
  class space    used 6717K, committed 7296K, reserved 1048576K
}
Event: 80.757 GC heap before
{Heap before GC invocations=44 (full 2):
 PSYoungGen      total 14848K, used 14552K [0x00000000d5580000, 0x00000000d6580000, 0x0000000100000000)
  eden space 13312K, 100% used [0x00000000d5580000,0x00000000d6280000,0x00000000d6280000)
  from space 1536K, 80% used [0x00000000d6380000,0x00000000d64b6200,0x00000000d6500000)
  to   space 512K, 0% used [0x00000000d6500000,0x00000000d6500000,0x00000000d6580000)
 ParOldGen       total 68608K, used 57293K [0x0000000080000000, 0x0000000084300000, 0x00000000d5580000)
  object space 68608K, 83% used [0x0000000080000000,0x00000000837f3790,0x0000000084300000)
 Metaspace       used 57471K, committed 58880K, reserved 1114112K
  class space    used 6753K, committed 7296K, reserved 1048576K
}
Event: 80.769 GC heap after
{Heap after GC invocations=44 (full 2):
 PSYoungGen      total 13824K, used 480K [0x00000000d5580000, 0x00000000d6780000, 0x0000000100000000)
  eden space 13312K, 0% used [0x00000000d5580000,0x00000000d5580000,0x00000000d6280000)
  from space 512K, 93% used [0x00000000d6500000,0x00000000d6578020,0x00000000d6580000)
  to   space 2560K, 0% used [0x00000000d6280000,0x00000000d6280000,0x00000000d6500000)
 ParOldGen       total 68608K, used 59019K [0x0000000080000000, 0x0000000084300000, 0x00000000d5580000)
  object space 68608K, 86% used [0x0000000080000000,0x00000000839a2e50,0x0000000084300000)
 Metaspace       used 57471K, committed 58880K, reserved 1114112K
  class space    used 6753K, committed 7296K, reserved 1048576K
}

Dll operation events (13 events):
Event: 0.023 Loaded shared library c:\Users\user\.vscode\extensions\redhat.java-1.50.0-win32-x64\jre\21.0.9-win32-x86_64\bin\java.dll
Event: 0.278 Loaded shared library c:\Users\user\.vscode\extensions\redhat.java-1.50.0-win32-x64\jre\21.0.9-win32-x86_64\bin\zip.dll
Event: 0.333 Loaded shared library C:\Users\user\.vscode\extensions\redhat.java-1.50.0-win32-x64\jre\21.0.9-win32-x86_64\bin\instrument.dll
Event: 0.346 Loaded shared library C:\Users\user\.vscode\extensions\redhat.java-1.50.0-win32-x64\jre\21.0.9-win32-x86_64\bin\net.dll
Event: 0.352 Loaded shared library C:\Users\user\.vscode\extensions\redhat.java-1.50.0-win32-x64\jre\21.0.9-win32-x86_64\bin\nio.dll
Event: 0.360 Loaded shared library C:\Users\user\.vscode\extensions\redhat.java-1.50.0-win32-x64\jre\21.0.9-win32-x86_64\bin\zip.dll
Event: 0.402 Loaded shared library C:\Users\user\.vscode\extensions\redhat.java-1.50.0-win32-x64\jre\21.0.9-win32-x86_64\bin\jimage.dll
Event: 0.611 Loaded shared library c:\Users\user\.vscode\extensions\redhat.java-1.50.0-win32-x64\jre\21.0.9-win32-x86_64\bin\verify.dll
Event: 4.796 Loaded shared library C:\Users\user\AppData\Roaming\Code\User\globalStorage\redhat.java\1.50.0\config_win\org.eclipse.equinox.launcher\org.eclipse.equinox.launcher.win32.win32.x86_64_1.2.1400.v20250801-0854\eclipse_11916.dll
Event: 21.935 Loaded shared library C:\Users\user\AppData\Local\Temp\jna-3599307\jna14950362626068819800.dll
Event: 34.716 Loaded shared library C:\Users\user\.vscode\extensions\redhat.java-1.50.0-win32-x64\jre\21.0.9-win32-x86_64\bin\management.dll
Event: 34.746 Loaded shared library C:\Users\user\.vscode\extensions\redhat.java-1.50.0-win32-x64\jre\21.0.9-win32-x86_64\bin\management_ext.dll
Event: 56.757 Loaded shared library C:\Users\user\.gradle\native\1def1411415f61bf3af743bc5b6707747c0891f09f0c88961ee8f79bc544acac\windows-amd64\native-platform.dll

Deoptimization events (20 events):
Event: 80.673 Thread 0x000001f2ef841620 DEOPT PACKING pc=0x000001f29a4230c4 sp=0x000000b957cfe960
Event: 80.673 Thread 0x000001f2ef841620 DEOPT UNPACKING pc=0x000001f299b73aa2 sp=0x000000b957cfe8f8 mode 2
Event: 80.744 Thread 0x000001f2ee743050 Uncommon trap: trap_request=0xffffff45 fr.pc=0x000001f29a49d66c relative=0x000000000000030c
Event: 80.744 Thread 0x000001f2ee743050 Uncommon trap: reason=unstable_if action=reinterpret pc=0x000001f29a49d66c method=jdk.internal.jimage.ImageStringsReader.stringFromByteBufferMatches(Ljava/nio/ByteBuffer;ILjava/lang/String;I)I @ 59 c2
Event: 80.744 Thread 0x000001f2ee743050 DEOPT PACKING pc=0x000001f29a49d66c sp=0x000000b959cfde10
Event: 80.744 Thread 0x000001f2ee743050 DEOPT UNPACKING pc=0x000001f299b73aa2 sp=0x000000b959cfdd88 mode 2
Event: 80.744 Thread 0x000001f2ee743050 Uncommon trap: trap_request=0xffffff45 fr.pc=0x000001f29a4b8bd4 relative=0x0000000000000a94
Event: 80.744 Thread 0x000001f2ee743050 Uncommon trap: reason=unstable_if action=reinterpret pc=0x000001f29a4b8bd4 method=jdk.internal.jrtfs.JrtFileSystem.checkNode(Ljdk/internal/jrtfs/JrtPath;)Ljdk/internal/jimage/ImageReader$Node; @ 16 c2
Event: 80.744 Thread 0x000001f2ee743050 DEOPT PACKING pc=0x000001f29a4b8bd4 sp=0x000000b959cfe100
Event: 80.744 Thread 0x000001f2ee743050 DEOPT UNPACKING pc=0x000001f299b73aa2 sp=0x000000b959cfe110 mode 2
Event: 80.746 Thread 0x000001f2ee743050 Uncommon trap: trap_request=0xffffff45 fr.pc=0x000001f29a4d1888 relative=0x0000000000001208
Event: 80.746 Thread 0x000001f2ee743050 Uncommon trap: reason=unstable_if action=reinterpret pc=0x000001f29a4d1888 method=org.eclipse.jdt.internal.core.util.Util.splitOn(CLjava/lang/String;II)[Ljava/lang/String; @ 16 c2
Event: 80.746 Thread 0x000001f2ee743050 DEOPT PACKING pc=0x000001f29a4d1888 sp=0x000000b959cfe960
Event: 80.746 Thread 0x000001f2ee743050 DEOPT UNPACKING pc=0x000001f299b73aa2 sp=0x000000b959cfe950 mode 2
Event: 80.747 Thread 0x000001f2ee743050 Uncommon trap: trap_request=0xffffff6e fr.pc=0x000001f29a56ba98 relative=0x0000000000000398
Event: 80.747 Thread 0x000001f2ee743050 Uncommon trap: reason=loop_limit_check action=maybe_recompile pc=0x000001f29a56ba98 method=org.eclipse.jdt.internal.core.util.HashtableOfArrayToObject.hashCode([Ljava/lang/Object;I)I @ 27 c2
Event: 80.747 Thread 0x000001f2ee743050 DEOPT PACKING pc=0x000001f29a56ba98 sp=0x000000b959cfe880
Event: 80.747 Thread 0x000001f2ee743050 DEOPT UNPACKING pc=0x000001f299b73aa2 sp=0x000000b959cfe808 mode 2
Event: 80.748 Thread 0x000001f2ee743050 DEOPT PACKING pc=0x000001f293372fc6 sp=0x000000b959cfe050
Event: 80.748 Thread 0x000001f2ee743050 DEOPT UNPACKING pc=0x000001f299b74242 sp=0x000000b959cfd5d0 mode 0

Classes loaded (20 events):
Event: 75.324 Loading class java/util/regex/PatternSyntaxException
Event: 75.338 Loading class java/util/regex/PatternSyntaxException done
Event: 77.219 Loading class java/util/AbstractList$ListItr
Event: 77.225 Loading class java/util/AbstractList$ListItr done
Event: 77.286 Loading class java/nio/channels/Channels$ReadableByteChannelImpl
Event: 77.289 Loading class java/nio/channels/Channels$ReadableByteChannelImpl done
Event: 77.293 Loading class java/nio/channels/NonWritableChannelException
Event: 77.316 Loading class java/nio/channels/NonWritableChannelException done
Event: 80.327 Loading class java/util/stream/DistinctOps
Event: 80.327 Loading class java/util/stream/DistinctOps done
Event: 80.327 Loading class java/util/stream/DistinctOps$1
Event: 80.328 Loading class java/util/stream/DistinctOps$1 done
Event: 80.333 Loading class java/util/stream/DistinctOps$1$2
Event: 80.334 Loading class java/util/stream/DistinctOps$1$2 done
Event: 80.447 Loading class java/util/AbstractList$RandomAccessSubList
Event: 80.447 Loading class java/util/AbstractList$SubList
Event: 80.448 Loading class java/util/AbstractList$SubList done
Event: 80.448 Loading class java/util/AbstractList$RandomAccessSubList done
Event: 80.450 Loading class java/util/AbstractList$SubList$1
Event: 80.450 Loading class java/util/AbstractList$SubList$1 done

Classes unloaded (10 events):
Event: 26.753 Thread 0x000001f28f3425f0 Unloading class 0x000001f2a71a9400 'java/lang/invoke/LambdaForm$MH+0x000001f2a71a9400'
Event: 26.753 Thread 0x000001f28f3425f0 Unloading class 0x000001f2a71a9000 'java/lang/invoke/LambdaForm$MH+0x000001f2a71a9000'
Event: 26.753 Thread 0x000001f28f3425f0 Unloading class 0x000001f2a71a8c00 'java/lang/invoke/LambdaForm$MH+0x000001f2a71a8c00'
Event: 26.753 Thread 0x000001f28f3425f0 Unloading class 0x000001f2a71a8800 'java/lang/invoke/LambdaForm$MH+0x000001f2a71a8800'
Event: 26.753 Thread 0x000001f28f3425f0 Unloading class 0x000001f2a71a8400 'java/lang/invoke/LambdaForm$BMH+0x000001f2a71a8400'
Event: 26.753 Thread 0x000001f28f3425f0 Unloading class 0x000001f2a71a8000 'java/lang/invoke/LambdaForm$DMH+0x000001f2a71a8000'
Event: 26.753 Thread 0x000001f28f3425f0 Unloading class 0x000001f2a71a6c00 'java/lang/invoke/LambdaForm$DMH+0x000001f2a71a6c00'
Event: 35.494 Thread 0x000001f28f3425f0 Unloading class 0x000001f2a729b000 'java/lang/invoke/LambdaForm$MH+0x000001f2a729b000'
Event: 35.494 Thread 0x000001f28f3425f0 Unloading class 0x000001f2a7293000 'java/lang/invoke/LambdaForm$MH+0x000001f2a7293000'
Event: 35.494 Thread 0x000001f28f3425f0 Unloading class 0x000001f2a7291400 'java/lang/invoke/LambdaForm$MH+0x000001f2a7291400'

Classes redefined (0 events):
No events

Internal exceptions (20 events):
Event: 73.735 Thread 0x000001f2ee743050 Exception <a 'sun/nio/fs/WindowsException'{0x00000000d5a23800}> (0x00000000d5a23800) 
thrown [s\src\hotspot\share\prims\jni.cpp, line 520]
Event: 73.736 Thread 0x000001f2ee743050 Exception <a 'sun/nio/fs/WindowsException'{0x00000000d5a24528}> (0x00000000d5a24528) 
thrown [s\src\hotspot\share\prims\jni.cpp, line 520]
Event: 73.736 Thread 0x000001f2ee743050 Exception <a 'sun/nio/fs/WindowsException'{0x00000000d5a24c38}> (0x00000000d5a24c38) 
thrown [s\src\hotspot\share\prims\jni.cpp, line 520]
Event: 74.133 Thread 0x000001f2ee743050 Exception <a 'java/lang/NoSuchMethodError'{0x00000000d5c192d0}: 'java.lang.Object java.lang.invoke.DelegatingMethodHandle$Holder.reinvoke_L(java.lang.Object, int, long, java.lang.Object, java.lang.Object, int, java.lang.Object)'> (0x00000000d5c192d0) 
thrown [s\src\hotspot\share\interpreter\linkResolver.cpp, line 773]
Event: 74.754 Thread 0x000001f2ef83cdf0 Exception <a 'java/lang/IncompatibleClassChangeError'{0x00000000d5f84fd8}: Found class java.lang.Object, but interface was expected> (0x00000000d5f84fd8) 
thrown [s\src\hotspot\share\interpreter\linkResolver.cpp, line 840]
Event: 75.381 Thread 0x000001f2ee743050 Exception <a 'java/lang/NoSuchMethodError'{0x00000000d56be918}: 'java.lang.Object java.lang.invoke.Invokers$Holder.invoke_MT(java.lang.Object, java.lang.Object, java.lang.Object, java.lang.Object, java.lang.Object, java.lang.Object, java.lang.Object, java.lang.Object, java.lang.Object, java.lang.Object)'> (0x00000000d56be918) 
thrown [s\src\hotspot\share\interpreter\linkResolver.cpp, line 773]
Event: 75.483 Thread 0x000001f2ef83c760 Exception <a 'java/lang/NoSuchMethodError'{0x00000000d57f24b0}: 'java.lang.Object java.lang.invoke.DirectMethodHandle$Holder.invokeStaticInit(java.lang.Object, java.lang.Object, java.lang.Object)'> (0x00000000d57f24b0) 
thrown [s\src\hotspot\share\interpreter\linkResolver.cpp, line 773]
Event: 80.231 Thread 0x000001f2ee743050 Exception <a 'java/io/FileNotFoundException'{0x00000000d5ef1688}> (0x00000000d5ef1688) 
thrown [s\src\hotspot\share\prims\jni.cpp, line 520]
Event: 80.231 Thread 0x000001f2ee743050 Exception <a 'java/io/FileNotFoundException'{0x00000000d5ef23f8}> (0x00000000d5ef23f8) 
thrown [s\src\hotspot\share\prims\jni.cpp, line 520]
Event: 80.313 Thread 0x000001f2ee743050 Exception <a 'sun/nio/fs/WindowsException'{0x00000000d5f5d8f8}> (0x00000000d5f5d8f8) 
thrown [s\src\hotspot\share\prims\jni.cpp, line 520]
Event: 80.313 Thread 0x000001f2ee743050 Exception <a 'sun/nio/fs/WindowsException'{0x00000000d5f5e008}> (0x00000000d5f5e008) 
thrown [s\src\hotspot\share\prims\jni.cpp, line 520]
Event: 80.451 Thread 0x000001f2ef841620 Exception <a 'sun/nio/fs/WindowsException'{0x00000000d5fd8108}> (0x00000000d5fd8108) 
thrown [s\src\hotspot\share\prims\jni.cpp, line 520]
Event: 80.452 Thread 0x000001f2ef841620 Exception <a 'sun/nio/fs/WindowsException'{0x00000000d5fd8ae8}> (0x00000000d5fd8ae8) 
thrown [s\src\hotspot\share\prims\jni.cpp, line 520]
Event: 80.453 Thread 0x000001f2ef841620 Exception <a 'sun/nio/fs/WindowsException'{0x00000000d5fd9ac0}> (0x00000000d5fd9ac0) 
thrown [s\src\hotspot\share\prims\jni.cpp, line 520]
Event: 80.453 Thread 0x000001f2ef841620 Exception <a 'sun/nio/fs/WindowsException'{0x00000000d5fda480}> (0x00000000d5fda480) 
thrown [s\src\hotspot\share\prims\jni.cpp, line 520]
Event: 80.457 Thread 0x000001f2ef841620 Exception <a 'sun/nio/fs/WindowsException'{0x00000000d60bec38}> (0x00000000d60bec38) 
thrown [s\src\hotspot\share\prims\jni.cpp, line 520]
Event: 80.457 Thread 0x000001f2ef841620 Exception <a 'sun/nio/fs/WindowsException'{0x00000000d60bf5f8}> (0x00000000d60bf5f8) 
thrown [s\src\hotspot\share\prims\jni.cpp, line 520]
Event: 80.673 Thread 0x000001f2ef83fbe0 Exception <a 'sun/nio/fs/WindowsException'{0x00000000d61c6ca0}> (0x00000000d61c6ca0) 
thrown [s\src\hotspot\share\prims\jni.cpp, line 520]
Event: 80.673 Thread 0x000001f2ef83fbe0 Exception <a 'sun/nio/fs/WindowsException'{0x00000000d61c7660}> (0x00000000d61c7660) 
thrown [s\src\hotspot\share\prims\jni.cpp, line 520]
Event: 464.245 Thread 0x000001f2ef83cdf0 Exception <a 'java/lang/IncompatibleClassChangeError'{0x00000000d58e0dc8}: Found class java.lang.Object, but interface was expected> (0x00000000d58e0dc8) 
thrown [s\src\hotspot\share\interpreter\linkResolver.cpp, line 840]

ZGC Phase Switch (0 events):
No events

VM Operations (20 events):
Event: 120.281 Executing VM operation: HandshakeAllThreads (HandshakeForDeflation)
Event: 120.282 Executing VM operation: HandshakeAllThreads (HandshakeForDeflation) done
Event: 120.282 Executing VM operation: RendezvousGCThreads
Event: 120.282 Executing VM operation: RendezvousGCThreads done
Event: 323.354 Executing VM operation: Cleanup
Event: 323.356 Executing VM operation: Cleanup done
Event: 360.844 Executing VM operation: HandshakeAllThreads (HandshakeForDeflation)
Event: 360.844 Executing VM operation: HandshakeAllThreads (HandshakeForDeflation) done
Event: 360.845 Executing VM operation: RendezvousGCThreads
Event: 360.845 Executing VM operation: RendezvousGCThreads done
Event: 369.874 Executing VM operation: Cleanup
Event: 369.874 Executing VM operation: Cleanup done
Event: 394.960 Executing VM operation: Cleanup
Event: 394.960 Executing VM operation: Cleanup done
Event: 464.358 Executing VM operation: Cleanup
Event: 464.358 Executing VM operation: Cleanup done
Event: 481.235 Executing VM operation: HandshakeAllThreads (HandshakeForDeflation)
Event: 481.236 Executing VM operation: HandshakeAllThreads (HandshakeForDeflation) done
Event: 481.236 Executing VM operation: RendezvousGCThreads
Event: 481.236 Executing VM operation: RendezvousGCThreads done

Memory protections (0 events):
No events

Nmethod flushes (20 events):
Event: 35.509 Thread 0x000001f28f3425f0 flushing  nmethod 0x000001f292c55390
Event: 35.509 Thread 0x000001f28f3425f0 flushing  nmethod 0x000001f292c55b90
Event: 35.509 Thread 0x000001f28f3425f0 flushing  nmethod 0x000001f292c56310
Event: 35.509 Thread 0x000001f28f3425f0 flushing  nmethod 0x000001f292c57890
Event: 35.509 Thread 0x000001f28f3425f0 flushing  nmethod 0x000001f292c58190
Event: 35.509 Thread 0x000001f28f3425f0 flushing  nmethod 0x000001f292c58d10
Event: 35.509 Thread 0x000001f28f3425f0 flushing  nmethod 0x000001f292c59610
Event: 35.509 Thread 0x000001f28f3425f0 flushing  nmethod 0x000001f292c5b590
Event: 35.509 Thread 0x000001f28f3425f0 flushing  nmethod 0x000001f292c5bf90
Event: 35.509 Thread 0x000001f28f3425f0 flushing  nmethod 0x000001f292c5c290
Event: 35.509 Thread 0x000001f28f3425f0 flushing  nmethod 0x000001f292c65290
Event: 35.509 Thread 0x000001f28f3425f0 flushing  nmethod 0x000001f292c66e10
Event: 35.509 Thread 0x000001f28f3425f0 flushing  nmethod 0x000001f292cb8410
Event: 35.509 Thread 0x000001f28f3425f0 flushing  nmethod 0x000001f292cbb890
Event: 35.509 Thread 0x000001f28f3425f0 flushing  nmethod 0x000001f292cbfc90
Event: 35.509 Thread 0x000001f28f3425f0 flushing  nmethod 0x000001f292cccd90
Event: 35.509 Thread 0x000001f28f3425f0 flushing  nmethod 0x000001f292cf2890
Event: 35.509 Thread 0x000001f28f3425f0 flushing  nmethod 0x000001f292d13d90
Event: 35.509 Thread 0x000001f28f3425f0 flushing  nmethod 0x000001f292d39c10
Event: 35.509 Thread 0x000001f28f3425f0 flushing  nmethod 0x000001f292d79f90

Events (20 events):
Event: 40.045 Thread 0x000001f28f3ed590 Thread added: 0x000001f2ef83cdf0
Event: 46.213 Thread 0x000001f2ee7436e0 Thread added: 0x000001f2ef83fbe0
Event: 46.216 Thread 0x000001f2ef83fbe0 Thread added: 0x000001f2ef83c760
Event: 49.152 Thread 0x000001f2e869a450 Thread added: 0x000001f2f01ad5d0
Event: 49.411 Thread 0x000001f2f01ad5d0 Thread exited: 0x000001f2f01ad5d0
Event: 51.552 Thread 0x000001f2ee743d70 Thread added: 0x000001f2ef840270
Event: 52.706 Thread 0x000001f2ee743d70 Thread added: 0x000001f2ef8429d0
Event: 69.576 Thread 0x000001f2ef8429d0 Thread exited: 0x000001f2ef8429d0
Event: 75.024 Thread 0x000001f2ef83cdf0 Thread added: 0x000001f2ef841620
Event: 75.035 Thread 0x000001f2ef83cdf0 Thread added: 0x000001f2ef8429d0
Event: 75.855 Thread 0x000001f28f3657d0 Thread added: 0x000001f2f08ac770
Event: 80.337 Thread 0x000001f2f08ac770 Thread exited: 0x000001f2f08ac770
Event: 133.606 Thread 0x000001f2ee742330 Thread exited: 0x000001f2ee742330
Event: 140.646 Thread 0x000001f2ee7436e0 Thread exited: 0x000001f2ee7436e0
Event: 140.653 Thread 0x000001f2ee7429c0 Thread exited: 0x000001f2ee7429c0
Event: 140.654 Thread 0x000001f2ee743d70 Thread exited: 0x000001f2ee743d70
Event: 158.363 Thread 0x000001f2ef83fbe0 Thread exited: 0x000001f2ef83fbe0
Event: 218.332 Thread 0x000001f2ef8429d0 Thread exited: 0x000001f2ef8429d0
Event: 278.341 Thread 0x000001f2ef841620 Thread exited: 0x000001f2ef841620
Event: 338.349 Thread 0x000001f2ef83c760 Thread exited: 0x000001f2ef83c760


Dynamic libraries:
0x00007ff6dce00000 - 0x00007ff6dce0e000 	c:\Users\user\.vscode\extensions\redhat.java-1.50.0-win32-x64\jre\21.0.9-win32-x86_64\bin\java.exe
0x00007ffc5fe40000 - 0x00007ffc600a7000 	C:\WINDOWS\SYSTEM32\ntdll.dll
0x00007ffc5e870000 - 0x00007ffc5e939000 	C:\WINDOWS\System32\KERNEL32.DLL
0x00007ffc5d5a0000 - 0x00007ffc5d98f000 	C:\WINDOWS\System32\KERNELBASE.dll
0x00007ffc5d9a0000 - 0x00007ffc5daeb000 	C:\WINDOWS\System32\ucrtbase.dll
0x00007ffbf9740000 - 0x00007ffbf9758000 	c:\Users\user\.vscode\extensions\redhat.java-1.50.0-win32-x64\jre\21.0.9-win32-x86_64\bin\jli.dll
0x00007ffbed300000 - 0x00007ffbed31e000 	c:\Users\user\.vscode\extensions\redhat.java-1.50.0-win32-x64\jre\21.0.9-win32-x86_64\bin\VCRUNTIME140.dll
0x00007ffc5e020000 - 0x00007ffc5e1e5000 	C:\WINDOWS\System32\USER32.dll
0x00007ffc44730000 - 0x00007ffc449c3000 	C:\WINDOWS\WinSxS\amd64_microsoft.windows.common-controls_6595b64144ccf1df_6.0.26100.7309_none_3e05feeae336a044\COMCTL32.dll
0x00007ffc5daf0000 - 0x00007ffc5db17000 	C:\WINDOWS\System32\win32u.dll
0x00007ffc5efe0000 - 0x00007ffc5f00b000 	C:\WINDOWS\System32\GDI32.dll
0x00007ffc5e9c0000 - 0x00007ffc5ea69000 	C:\WINDOWS\System32\msvcrt.dll
0x00007ffc5d330000 - 0x00007ffc5d45c000 	C:\WINDOWS\System32\gdi32full.dll
0x00007ffc5d100000 - 0x00007ffc5d1a3000 	C:\WINDOWS\System32\msvcp_win.dll
0x00007ffc5e1f0000 - 0x00007ffc5e221000 	C:\WINDOWS\System32\IMM32.DLL
0x00007ffc2e190000 - 0x00007ffc2e19c000 	c:\Users\user\.vscode\extensions\redhat.java-1.50.0-win32-x64\jre\21.0.9-win32-x86_64\bin\vcruntime140_1.dll
0x00007ffbd6ad0000 - 0x00007ffbd6b5d000 	c:\Users\user\.vscode\extensions\redhat.java-1.50.0-win32-x64\jre\21.0.9-win32-x86_64\bin\msvcp140.dll
0x00007ffb9bf10000 - 0x00007ffb9ccb0000 	c:\Users\user\.vscode\extensions\redhat.java-1.50.0-win32-x64\jre\21.0.9-win32-x86_64\bin\server\jvm.dll
0x00007ffc5f3d0000 - 0x00007ffc5f484000 	C:\WINDOWS\System32\ADVAPI32.dll
0x00007ffc5dc60000 - 0x00007ffc5dd06000 	C:\WINDOWS\System32\sechost.dll
0x00007ffc5f220000 - 0x00007ffc5f338000 	C:\WINDOWS\System32\RPCRT4.dll
0x00007ffc5f350000 - 0x00007ffc5f3c4000 	C:\WINDOWS\System32\WS2_32.dll
0x00007ffc5ce10000 - 0x00007ffc5ce6e000 	C:\WINDOWS\SYSTEM32\POWRPROF.dll
0x00007ffc510f0000 - 0x00007ffc510fb000 	C:\WINDOWS\SYSTEM32\VERSION.dll
0x00007ffc4f230000 - 0x00007ffc4f265000 	C:\WINDOWS\SYSTEM32\WINMM.dll
0x00007ffc5cdf0000 - 0x00007ffc5ce04000 	C:\WINDOWS\SYSTEM32\UMPDC.dll
0x00007ffc5bd40000 - 0x00007ffc5bd5b000 	C:\WINDOWS\SYSTEM32\kernel.appcore.dll
0x00007ffc2daa0000 - 0x00007ffc2daaa000 	c:\Users\user\.vscode\extensions\redhat.java-1.50.0-win32-x64\jre\21.0.9-win32-x86_64\bin\jimage.dll
0x00007ffc5a810000 - 0x00007ffc5aa52000 	C:\WINDOWS\SYSTEM32\DBGHELP.DLL
0x00007ffc5ea70000 - 0x00007ffc5edf5000 	C:\WINDOWS\System32\combase.dll
0x00007ffc5f010000 - 0x00007ffc5f0e6000 	C:\WINDOWS\System32\OLEAUT32.dll
0x00007ffc3a060000 - 0x00007ffc3a09c000 	C:\WINDOWS\SYSTEM32\dbgcore.DLL
0x00007ffc5d460000 - 0x00007ffc5d505000 	C:\WINDOWS\System32\bcryptPrimitives.dll
0x00007ffc33cf0000 - 0x00007ffc33cff000 	c:\Users\user\.vscode\extensions\redhat.java-1.50.0-win32-x64\jre\21.0.9-win32-x86_64\bin\instrument.dll
0x00007ffbec5b0000 - 0x00007ffbec5d0000 	c:\Users\user\.vscode\extensions\redhat.java-1.50.0-win32-x64\jre\21.0.9-win32-x86_64\bin\java.dll
0x00007ffc5f510000 - 0x00007ffc5fc63000 	C:\WINDOWS\System32\SHELL32.dll
0x00007ffc5cf90000 - 0x00007ffc5d0fa000 	C:\WINDOWS\System32\wintypes.dll
0x00007ffc5ab50000 - 0x00007ffc5b3ae000 	C:\WINDOWS\SYSTEM32\windows.storage.dll
0x00007ffc5fc70000 - 0x00007ffc5fd65000 	C:\WINDOWS\System32\SHCORE.dll
0x00007ffc5ef70000 - 0x00007ffc5efd6000 	C:\WINDOWS\System32\shlwapi.dll
0x00007ffc5ceb0000 - 0x00007ffc5ced9000 	C:\WINDOWS\SYSTEM32\profapi.dll
0x00007ffbec0d0000 - 0x00007ffbec0e8000 	c:\Users\user\.vscode\extensions\redhat.java-1.50.0-win32-x64\jre\21.0.9-win32-x86_64\bin\zip.dll
0x00007ffc2d660000 - 0x00007ffc2d670000 	C:\Users\user\.vscode\extensions\redhat.java-1.50.0-win32-x64\jre\21.0.9-win32-x86_64\bin\net.dll
0x00007ffc539a0000 - 0x00007ffc53ac8000 	C:\WINDOWS\SYSTEM32\WINHTTP.dll
0x00007ffc5c2b0000 - 0x00007ffc5c31b000 	C:\WINDOWS\system32\mswsock.dll
0x00007ffbebb10000 - 0x00007ffbebb26000 	C:\Users\user\.vscode\extensions\redhat.java-1.50.0-win32-x64\jre\21.0.9-win32-x86_64\bin\nio.dll
0x00007ffc33ce0000 - 0x00007ffc33cf0000 	c:\Users\user\.vscode\extensions\redhat.java-1.50.0-win32-x64\jre\21.0.9-win32-x86_64\bin\verify.dll
0x00007ffbebb50000 - 0x00007ffbebb94000 	C:\Users\user\AppData\Roaming\Code\User\globalStorage\redhat.java\1.50.0\config_win\org.eclipse.equinox.launcher\org.eclipse.equinox.launcher.win32.win32.x86_64_1.2.1400.v20250801-0854\eclipse_11916.dll
0x00007ffc5e6d0000 - 0x00007ffc5e867000 	C:\WINDOWS\System32\ole32.dll
0x00007ffc5c570000 - 0x00007ffc5c58b000 	C:\WINDOWS\SYSTEM32\CRYPTSP.dll
0x00007ffc5bc80000 - 0x00007ffc5bcba000 	C:\WINDOWS\system32\rsaenh.dll
0x00007ffc5c360000 - 0x00007ffc5c38b000 	C:\WINDOWS\SYSTEM32\USERENV.dll
0x00007ffc5ce80000 - 0x00007ffc5ceaa000 	C:\WINDOWS\SYSTEM32\bcrypt.dll
0x00007ffc5c590000 - 0x00007ffc5c59c000 	C:\WINDOWS\SYSTEM32\CRYPTBASE.dll
0x00007ffc5b700000 - 0x00007ffc5b734000 	C:\WINDOWS\SYSTEM32\IPHLPAPI.DLL
0x00007ffc5f500000 - 0x00007ffc5f50a000 	C:\WINDOWS\System32\NSI.dll
0x00007ffbe92b0000 - 0x00007ffbe92f9000 	C:\Users\user\AppData\Local\Temp\jna-3599307\jna14950362626068819800.dll
0x00007ffc5f1b0000 - 0x00007ffc5f1b8000 	C:\WINDOWS\System32\PSAPI.DLL
0x00007ffc33cd0000 - 0x00007ffc33cda000 	C:\Users\user\.vscode\extensions\redhat.java-1.50.0-win32-x64\jre\21.0.9-win32-x86_64\bin\management.dll
0x00007ffc2d610000 - 0x00007ffc2d61c000 	C:\Users\user\.vscode\extensions\redhat.java-1.50.0-win32-x64\jre\21.0.9-win32-x86_64\bin\management_ext.dll
0x00007ffc53b70000 - 0x00007ffc53b8e000 	C:\WINDOWS\SYSTEM32\dhcpcsvc6.DLL
0x00007ffc53ad0000 - 0x00007ffc53af3000 	C:\WINDOWS\SYSTEM32\dhcpcsvc.DLL
0x00007ffbde6b0000 - 0x00007ffbde6d7000 	C:\Users\user\.gradle\native\1def1411415f61bf3af743bc5b6707747c0891f09f0c88961ee8f79bc544acac\windows-amd64\native-platform.dll

JVMTI agents:
c:\Users\user\.vscode\extensions\redhat.java-1.50.0-win32-x64\lombok\lombok-1.18.39-4050.jar path:c:\Users\user\.vscode\extensions\redhat.java-1.50.0-win32-x64\jre\21.0.9-win32-x86_64\bin\instrument.dll, loaded, initialized, instrumentlib options:none

dbghelp: loaded successfully - version: 4.0.5 - missing functions: none
symbol engine: initialized successfully - sym options: 0x614 - pdb path: .;c:\Users\user\.vscode\extensions\redhat.java-1.50.0-win32-x64\jre\21.0.9-win32-x86_64\bin;C:\WINDOWS\SYSTEM32;C:\WINDOWS\WinSxS\amd64_microsoft.windows.common-controls_6595b64144ccf1df_6.0.26100.7309_none_3e05feeae336a044;c:\Users\user\.vscode\extensions\redhat.java-1.50.0-win32-x64\jre\21.0.9-win32-x86_64\bin\server;C:\Users\user\AppData\Roaming\Code\User\globalStorage\redhat.java\1.50.0\config_win\org.eclipse.equinox.launcher\org.eclipse.equinox.launcher.win32.win32.x86_64_1.2.1400.v20250801-0854;C:\Users\user\AppData\Local\Temp\jna-3599307;C:\Users\user\.gradle\native\1def1411415f61bf3af743bc5b6707747c0891f09f0c88961ee8f79bc544acac\windows-amd64

VM Arguments:
jvm_args: --add-modules=ALL-SYSTEM --add-opens=java.base/java.util=ALL-UNNAMED --add-opens=java.base/java.lang=ALL-UNNAMED --add-opens=java.base/sun.nio.fs=ALL-UNNAMED -Declipse.application=org.eclipse.jdt.ls.core.id1 -Dosgi.bundles.defaultStartLevel=4 -Declipse.product=org.eclipse.jdt.ls.core.product -Djava.import.generatesMetadataFilesAtProjectRoot=false -DDetectVMInstallationsJob.disabled=true -Dfile.encoding=utf8 -XX:+UseParallelGC -XX:GCTimeRatio=4 -XX:AdaptiveSizePolicyWeight=90 -Dsun.zip.disableMemoryMapping=true -Xmx2G -Xms100m -Xlog:disable -javaagent:c:\Users\user\.vscode\extensions\redhat.java-1.50.0-win32-x64\lombok\lombok-1.18.39-4050.jar -XX:+HeapDumpOnOutOfMemoryError -XX:HeapDumpPath=c:\Users\user\AppData\Roaming\Code\User\workspaceStorage\95a4d7a6ba4fa21f5e242c4cd33f15b2\redhat.java -Daether.dependencyCollector.impl=bf 
java_command: c:\Users\user\.vscode\extensions\redhat.java-1.50.0-win32-x64\server\plugins\org.eclipse.equinox.launcher_1.7.100.v20251111-0406.jar -configuration c:\Users\user\AppData\Roaming\Code\User\globalStorage\redhat.java\1.50.0\config_win -data c:\Users\user\AppData\Roaming\Code\User\workspaceStorage\95a4d7a6ba4fa21f5e242c4cd33f15b2\redhat.java\jdt_ws --pipe=\\.\pipe\lsp-b2662554814eec0df28ed9afdf02be59-sock
java_class_path (initial): c:\Users\user\.vscode\extensions\redhat.java-1.50.0-win32-x64\server\plugins\org.eclipse.equinox.launcher_1.7.100.v20251111-0406.jar
Launcher Type: SUN_STANDARD

[Global flags]
    uintx AdaptiveSizePolicyWeight                 = 90                                        {product} {command line}
     intx CICompilerCount                          = 4                                         {product} {ergonomic}
    uintx GCTimeRatio                              = 4                                         {product} {command line}
     bool HeapDumpOnOutOfMemoryError               = true                                   {manageable} {command line}
    ccstr HeapDumpPath                             = c:\Users\user\AppData\Roaming\Code\User\workspaceStorage\95a4d7a6ba4fa21f5e242c4cd33f15b2\redhat.java         {manageable} {command line}
   size_t InitialHeapSize                          = 104857600                                 {product} {command line}
   size_t MaxHeapSize                              = 2147483648                                {product} {command line}
   size_t MaxNewSize                               = 715653120                                 {product} {ergonomic}
   size_t MinHeapDeltaBytes                        = 524288                                    {product} {ergonomic}
   size_t MinHeapSize                              = 104857600                                 {product} {command line}
   size_t NewSize                                  = 34603008                                  {product} {ergonomic}
    uintx NonNMethodCodeHeapSize                   = 5839372                                {pd product} {ergonomic}
    uintx NonProfiledCodeHeapSize                  = 122909434                              {pd product} {ergonomic}
   size_t OldSize                                  = 70254592                                  {product} {ergonomic}
    uintx ProfiledCodeHeapSize                     = 122909434                              {pd product} {ergonomic}
    uintx ReservedCodeCacheSize                    = 251658240                              {pd product} {ergonomic}
     bool SegmentedCodeCache                       = true                                      {product} {ergonomic}
   size_t SoftMaxHeapSize                          = 2147483648                             {manageable} {ergonomic}
     bool UseCompressedOops                        = true                           {product lp64_product} {ergonomic}
     bool UseLargePagesIndividualAllocation        = false                                  {pd product} {ergonomic}
     bool UseParallelGC                            = true                                      {product} {command line}

Logging:
Log output configuration:
 #0: stdout all=off uptime,level,tags foldmultilines=false
 #1: stderr all=off uptime,level,tags foldmultilines=false

Release file:
JAVA_VERSION="21.0.9" 
MODULES="java.base java.compiler java.datatransfer java.xml java.prefs java.desktop java.instrument java.logging java.management java.security.sasl java.naming java.rmi java.management.rmi java.net.http java.scripting java.security.jgss java.transaction.xa java.sql java.sql.rowset java.xml.crypto java.se java.smartcardio jdk.accessibility jdk.internal.jvmstat jdk.attach jdk.charsets jdk.internal.opt jdk.zipfs jdk.compiler jdk.crypto.ec jdk.crypto.cryptoki jdk.crypto.mscapi jdk.dynalink jdk.internal.ed jdk.editpad jdk.hotspot.agent jdk.httpserver jdk.internal.le jdk.internal.vm.ci jdk.internal.vm.compiler jdk.internal.vm.compiler.management jdk.jartool jdk.javadoc jdk.jcmd jdk.management jdk.management.agent jdk.jconsole jdk.jdeps jdk.jdwp.agent jdk.jdi jdk.jfr jdk.jshell jdk.jsobject jdk.jstatd jdk.localedata jdk.management.jfr jdk.naming.dns jdk.naming.rmi jdk.net jdk.nio.mapmode jdk.random jdk.sctp jdk.security.auth jdk.security.jgss jdk.unsupported jdk.unsupported.desktop jdk.xml.dom" 

Environment Variables:
PATH=C:\Program Files\Common Files\Oracle\Java\javapath;C:\Program Files\Eclipse Adoptium\jdk-21.0.4.7-hotspot\bin;C:\WINDOWS\system32;C:\WINDOWS;C:\WINDOWS\System32\Wbem;C:\WINDOWS\System32\WindowsPowerShell\v1.0\;C:\WINDOWS\System32\OpenSSH\;C:\xampp\php;C:\Program Files\nodejs\;C:\Program Files\Git\cmd;C:\Program Files\Docker\Docker\resources\bin;C:\Users\user\AppData\Local\Microsoft\WindowsApps;C:\Users\user\AppData\Local\Programs\Microsoft VS Code\bin;C:\Users\user\AppData\Local\GitHubDesktop\bin;C:\Users\user\AppData\Roaming\npm;C:\Users\user\Untitled Folder\flutter\bin
USERNAME=user
OS=Windows_NT
PROCESSOR_IDENTIFIER=Intel64 Family 6 Model 154 Stepping 4, GenuineIntel
TMP=C:\Users\user\AppData\Local\Temp
TEMP=C:\Users\user\AppData\Local\Temp




Periodic native trim disabled

---------------  S Y S T E M  ---------------

OS:
 Windows 11 , 64 bit Build 26100 (10.0.26100.7309)
OS uptime: 0 days 7:21 hours
Hyper-V role detected

CPU: total 8 (initial active 8) (4 cores per cpu, 2 threads per core) family 6 model 154 stepping 4 microcode 0x424, cx8, cmov, fxsr, ht, mmx, 3dnowpref, sse, sse2, sse3, ssse3, sse4.1, sse4.2, popcnt, lzcnt, tsc, tscinvbit, avx, avx2, aes, erms, clmul, bmi1, bmi2, adx, sha, fma, vzeroupper, clflush, clflushopt, clwb, hv, serialize, rdtscp, rdpid, fsrm, f16c, cet_ibt, cet_ss
Processor Information for processor 0
  Max Mhz: 1200, Current Mhz: 1200, Mhz Limit: 1200
Processor Information for processor 1
  Max Mhz: 1200, Current Mhz: 1200, Mhz Limit: 1200
Processor Information for processor 2
  Max Mhz: 1200, Current Mhz: 1200, Mhz Limit: 1200
Processor Information for processor 3
  Max Mhz: 1200, Current Mhz: 1200, Mhz Limit: 1200
Processor Information for processor 4
  Max Mhz: 900, Current Mhz: 900, Mhz Limit: 900
Processor Information for processor 5
  Max Mhz: 900, Current Mhz: 900, Mhz Limit: 900
Processor Information for processor 6
  Max Mhz: 900, Current Mhz: 900, Mhz Limit: 900
Processor Information for processor 7
  Max Mhz: 900, Current Mhz: 900, Mhz Limit: 900

Memory: 4k page, system-wide physical 7916M (329M free)
TotalPageFile size 21194M (AvailPageFile size 12M)
current process WorkingSet (physical memory assigned to process): 8M, peak: 185M
current process commit charge ("private bytes"): 336M, peak: 378M

vm_info: OpenJDK 64-Bit Server VM (21.0.9+10-LTS) for windows-amd64 JRE (21.0.9+10-LTS), built on 2025-10-21T00:00:00Z by "admin" with unknown MS VC++:1942

END.
